{
"/Users/akshat/node_projects/compute/src/Compute.coffee":{"path":"/Users/akshat/node_projects/compute/src/Compute.coffee","s":{"1":1,"2":1,"3":1,"4":1,"5":1,"6":0,"7":1,"8":1,"9":1,"10":1,"11":1,"12":1,"13":33,"14":33,"15":33,"16":33,"17":13,"18":13,"19":13,"20":7,"21":7,"22":13,"23":33,"24":33,"25":33,"26":16,"27":16,"28":16,"29":13,"30":17,"31":33,"32":12,"33":33,"34":33,"35":1,"36":6,"37":6,"38":6,"39":1,"40":5,"41":5,"42":4,"43":4,"44":4,"45":4,"46":4,"47":4,"48":5,"49":5,"50":2,"51":2,"52":3,"53":5,"54":2,"55":5,"56":1,"57":1,"58":5,"59":1,"60":1,"61":1,"62":1,"63":5,"64":5,"65":1,"66":57,"67":0,"68":57,"69":1,"70":14,"71":13,"72":1,"73":1,"74":16,"75":16,"76":27,"77":27,"78":3,"79":13,"80":1,"81":12,"82":1,"83":11,"84":1,"85":8,"86":8,"87":8,"88":12,"89":12,"90":8,"91":1,"92":33,"93":0,"94":33,"95":1,"96":6,"97":0,"98":6,"99":1,"100":7,"101":7,"102":7,"103":1,"104":6,"105":6,"106":4,"107":1,"108":3,"109":6,"110":6,"111":6,"112":6,"113":2,"114":1,"115":1,"116":5,"117":5,"118":5,"119":1,"120":4,"121":4,"122":4,"123":6,"124":6,"125":1,"126":5,"127":5,"128":5,"129":4,"130":6,"131":6,"132":4,"133":4,"134":2,"135":4,"136":1,"137":4,"138":1,"139":1,"140":1,"141":1,"142":1,"143":1},"b":{"1":[0,1],"2":[1,0],"3":[16,17],"4":[13,3],"5":[6,2],"6":[1,5],"7":[2,3],"8":[0,57],"9":[57,18],"10":[13,1],"11":[3,24],"12":[1,12],"13":[1,11],"14":[0,33],"15":[0,6],"16":[7,0],"17":[1,6],"18":[1,3],"19":[5,0],"20":[1,4],"21":[1,5]},"f":{"1":1,"2":33,"3":13,"4":33,"5":12,"6":6,"7":4,"8":5,"9":2,"10":1,"11":1,"12":57,"13":14,"14":16,"15":8,"16":33,"17":6,"18":7,"19":4,"20":2,"21":1,"22":5,"23":6,"24":2,"25":1},"fnMap":{"1":{"name":"(anonymous_1)","line":1,"loc":{"start":{"line":1,"column":-15},"end":{"line":1,"column":-15}}},"2":{"name":"(anonymous_2)","line":30,"loc":{"start":{"line":30,"column":13},"end":{"line":30,"column":13}}},"3":{"name":"(anonymous_3)","line":35,"loc":{"start":{"line":35,"column":20},"end":{"line":35,"column":20}}},"4":{"name":"(anonymous_4)","line":39,"loc":{"start":{"line":39,"column":6},"end":{"line":39,"column":6}}},"5":{"name":"(anonymous_5)","line":50,"loc":{"start":{"line":50,"column":16},"end":{"line":50,"column":16}}},"6":{"name":"(anonymous_6)","line":56,"loc":{"start":{"line":56,"column":18},"end":{"line":56,"column":18}}},"7":{"name":"(anonymous_7)","line":63,"loc":{"start":{"line":63,"column":20},"end":{"line":63,"column":20}}},"8":{"name":"(anonymous_8)","line":67,"loc":{"start":{"line":67,"column":6},"end":{"line":67,"column":6}}},"9":{"name":"(anonymous_9)","line":75,"loc":{"start":{"line":75,"column":16},"end":{"line":75,"column":16}}},"10":{"name":"(anonymous_10)","line":77,"loc":{"start":{"line":77,"column":11},"end":{"line":77,"column":11}}},"11":{"name":"(anonymous_11)","line":81,"loc":{"start":{"line":81,"column":10},"end":{"line":81,"column":10}}},"12":{"name":"(anonymous_12)","line":93,"loc":{"start":{"line":93,"column":16},"end":{"line":93,"column":16}}},"13":{"name":"(anonymous_13)","line":100,"loc":{"start":{"line":100,"column":10},"end":{"line":100,"column":10}}},"14":{"name":"(anonymous_14)","line":103,"loc":{"start":{"line":103,"column":11},"end":{"line":103,"column":11}}},"15":{"name":"(anonymous_15)","line":110,"loc":{"start":{"line":110,"column":10},"end":{"line":110,"column":10}}},"16":{"name":"(anonymous_16)","line":126,"loc":{"start":{"line":126,"column":6},"end":{"line":126,"column":6}}},"17":{"name":"(anonymous_17)","line":140,"loc":{"start":{"line":140,"column":7},"end":{"line":140,"column":7}}},"18":{"name":"(anonymous_18)","line":162,"loc":{"start":{"line":162,"column":7},"end":{"line":162,"column":7}}},"19":{"name":"(anonymous_19)","line":166,"loc":{"start":{"line":166,"column":9},"end":{"line":166,"column":9}}},"20":{"name":"(anonymous_20)","line":173,"loc":{"start":{"line":173,"column":12},"end":{"line":173,"column":12}}},"21":{"name":"(anonymous_21)","line":174,"loc":{"start":{"line":174,"column":12},"end":{"line":174,"column":12}}},"22":{"name":"(anonymous_22)","line":194,"loc":{"start":{"line":194,"column":9},"end":{"line":194,"column":9}}},"23":{"name":"(anonymous_23)","line":199,"loc":{"start":{"line":199,"column":9},"end":{"line":199,"column":9}}},"24":{"name":"(anonymous_24)","line":207,"loc":{"start":{"line":207,"column":16},"end":{"line":207,"column":16}}},"25":{"name":"(anonymous_25)","line":208,"loc":{"start":{"line":208,"column":18},"end":{"line":208,"column":18}}}},"statementMap":{"1":{"start":{"line":1,"column":-15},"end":{"line":1,"column":-15}},"2":{"start":{"line":1,"column":-15},"end":{"line":1,"column":-15}},"3":{"start":{"line":1,"column":-15},"end":{"line":1,"column":-15}},"4":{"start":{"line":3,"column":0},"end":{"line":1,"column":-15}},"5":{"start":{"line":13,"column":0},"end":{"line":1,"column":-15}},"6":{"start":{"line":14,"column":2},"end":{"line":13,"column":0}},"7":{"start":{"line":15,"column":5},"end":{"line":1,"column":-15}},"8":{"start":{"line":16,"column":2},"end":{"line":16,"column":2}},"9":{"start":{"line":18,"column":2},"end":{"line":15,"column":5}},"10":{"start":{"line":19,"column":4},"end":{"line":18,"column":2}},"11":{"start":{"line":20,"column":8},"end":{"line":21,"column":4}},"12":{"start":{"line":30,"column":0},"end":{"line":1,"column":-15}},"13":{"start":{"line":31,"column":2},"end":{"line":31,"column":2}},"14":{"start":{"line":31,"column":2},"end":{"line":31,"column":2}},"15":{"start":{"line":33,"column":2},"end":{"line":31,"column":2}},"16":{"start":{"line":35,"column":2},"end":{"line":31,"column":2}},"17":{"start":{"line":36,"column":4},"end":{"line":36,"column":4}},"18":{"start":{"line":36,"column":4},"end":{"line":36,"column":4}},"19":{"start":{"line":0,"column":0},"end":{"line":36,"column":4}},"20":{"start":{"line":0,"column":0},"end":{"line":36,"column":4}},"21":{"start":{"line":37,"column":6},"end":{"line":36,"column":4}},"22":{"start":{"line":0,"column":0},"end":{"line":35,"column":20}},"23":{"start":{"line":39,"column":2},"end":{"line":31,"column":2}},"24":{"start":{"line":40,"column":4},"end":{"line":40,"column":4}},"25":{"start":{"line":40,"column":4},"end":{"line":39,"column":6}},"26":{"start":{"line":41,"column":6},"end":{"line":41,"column":6}},"27":{"start":{"line":42,"column":6},"end":{"line":41,"column":6}},"28":{"start":{"line":44,"column":6},"end":{"line":40,"column":4}},"29":{"start":{"line":0,"column":0},"end":{"line":44,"column":6}},"30":{"start":{"line":0,"column":0},"end":{"line":40,"column":4}},"31":{"start":{"line":50,"column":2},"end":{"line":31,"column":2}},"32":{"start":{"line":0,"column":0},"end":{"line":50,"column":16}},"33":{"start":{"line":51,"column":2},"end":{"line":31,"column":2}},"34":{"start":{"line":0,"column":0},"end":{"line":30,"column":13}},"35":{"start":{"line":56,"column":0},"end":{"line":1,"column":-15}},"36":{"start":{"line":57,"column":2},"end":{"line":57,"column":2}},"37":{"start":{"line":57,"column":2},"end":{"line":57,"column":2}},"38":{"start":{"line":58,"column":2},"end":{"line":57,"column":2}},"39":{"start":{"line":59,"column":4},"end":{"line":58,"column":2}},"40":{"start":{"line":61,"column":2},"end":{"line":57,"column":2}},"41":{"start":{"line":63,"column":2},"end":{"line":57,"column":2}},"42":{"start":{"line":64,"column":4},"end":{"line":64,"column":4}},"43":{"start":{"line":64,"column":4},"end":{"line":64,"column":4}},"44":{"start":{"line":0,"column":0},"end":{"line":64,"column":4}},"45":{"start":{"line":0,"column":0},"end":{"line":64,"column":4}},"46":{"start":{"line":65,"column":6},"end":{"line":64,"column":4}},"47":{"start":{"line":0,"column":0},"end":{"line":63,"column":20}},"48":{"start":{"line":67,"column":2},"end":{"line":57,"column":2}},"49":{"start":{"line":68,"column":4},"end":{"line":67,"column":6}},"50":{"start":{"line":69,"column":6},"end":{"line":69,"column":6}},"51":{"start":{"line":0,"column":0},"end":{"line":68,"column":4}},"52":{"start":{"line":0,"column":0},"end":{"line":68,"column":4}},"53":{"start":{"line":75,"column":2},"end":{"line":57,"column":2}},"54":{"start":{"line":0,"column":0},"end":{"line":75,"column":16}},"55":{"start":{"line":77,"column":2},"end":{"line":57,"column":2}},"56":{"start":{"line":78,"column":4},"end":{"line":78,"column":4}},"57":{"start":{"line":0,"column":0},"end":{"line":77,"column":11}},"58":{"start":{"line":81,"column":2},"end":{"line":57,"column":2}},"59":{"start":{"line":82,"column":4},"end":{"line":82,"column":4}},"60":{"start":{"line":82,"column":4},"end":{"line":82,"column":4}},"61":{"start":{"line":83,"column":4},"end":{"line":82,"column":4}},"62":{"start":{"line":0,"column":0},"end":{"line":81,"column":10}},"63":{"start":{"line":86,"column":2},"end":{"line":57,"column":2}},"64":{"start":{"line":0,"column":0},"end":{"line":56,"column":18}},"65":{"start":{"line":93,"column":0},"end":{"line":1,"column":-15}},"66":{"start":{"line":94,"column":2},"end":{"line":93,"column":16}},"67":{"start":{"line":0,"column":0},"end":{"line":94,"column":2}},"68":{"start":{"line":0,"column":0},"end":{"line":94,"column":2}},"69":{"start":{"line":100,"column":0},"end":{"line":1,"column":-15}},"70":{"start":{"line":100,"column":16},"end":{"line":100,"column":10}},"71":{"start":{"line":0,"column":0},"end":{"line":100,"column":16}},"72":{"start":{"line":0,"column":0},"end":{"line":100,"column":16}},"73":{"start":{"line":103,"column":0},"end":{"line":1,"column":-15}},"74":{"start":{"line":104,"column":2},"end":{"line":104,"column":2}},"75":{"start":{"line":104,"column":2},"end":{"line":104,"column":2}},"76":{"start":{"line":0,"column":0},"end":{"line":104,"column":2}},"77":{"start":{"line":105,"column":4},"end":{"line":104,"column":2}},"78":{"start":{"line":105,"column":4},"end":{"line":105,"column":4}},"79":{"start":{"line":106,"column":2},"end":{"line":104,"column":2}},"80":{"start":{"line":106,"column":2},"end":{"line":106,"column":2}},"81":{"start":{"line":107,"column":2},"end":{"line":104,"column":2}},"82":{"start":{"line":107,"column":2},"end":{"line":107,"column":2}},"83":{"start":{"line":0,"column":0},"end":{"line":103,"column":11}},"84":{"start":{"line":110,"column":0},"end":{"line":1,"column":-15}},"85":{"start":{"line":111,"column":2},"end":{"line":111,"column":2}},"86":{"start":{"line":111,"column":2},"end":{"line":111,"column":2}},"87":{"start":{"line":112,"column":2},"end":{"line":111,"column":2}},"88":{"start":{"line":0,"column":0},"end":{"line":112,"column":2}},"89":{"start":{"line":112,"column":2},"end":{"line":112,"column":2}},"90":{"start":{"line":0,"column":0},"end":{"line":110,"column":10}},"91":{"start":{"line":126,"column":0},"end":{"line":1,"column":-15}},"92":{"start":{"line":127,"column":2},"end":{"line":126,"column":6}},"93":{"start":{"line":0,"column":0},"end":{"line":127,"column":2}},"94":{"start":{"line":0,"column":0},"end":{"line":127,"column":2}},"95":{"start":{"line":140,"column":0},"end":{"line":1,"column":-15}},"96":{"start":{"line":141,"column":2},"end":{"line":140,"column":7}},"97":{"start":{"line":0,"column":0},"end":{"line":141,"column":2}},"98":{"start":{"line":0,"column":0},"end":{"line":141,"column":2}},"99":{"start":{"line":162,"column":0},"end":{"line":1,"column":-15}},"100":{"start":{"line":163,"column":2},"end":{"line":163,"column":2}},"101":{"start":{"line":162,"column":8},"end":{"line":163,"column":2}},"102":{"start":{"line":163,"column":2},"end":{"line":163,"column":2}},"103":{"start":{"line":164,"column":4},"end":{"line":163,"column":2}},"104":{"start":{"line":165,"column":2},"end":{"line":163,"column":2}},"105":{"start":{"line":166,"column":2},"end":{"line":163,"column":2}},"106":{"start":{"line":167,"column":4},"end":{"line":167,"column":4}},"107":{"start":{"line":167,"column":4},"end":{"line":167,"column":4}},"108":{"start":{"line":0,"column":0},"end":{"line":166,"column":9}},"109":{"start":{"line":170,"column":2},"end":{"line":163,"column":2}},"110":{"start":{"line":0,"column":0},"end":{"line":170,"column":2}},"111":{"start":{"line":170,"column":2},"end":{"line":170,"column":2}},"112":{"start":{"line":0,"column":0},"end":{"line":162,"column":7}},"113":{"start":{"line":0,"column":0},"end":{"line":173,"column":12}},"114":{"start":{"line":0,"column":0},"end":{"line":174,"column":12}},"115":{"start":{"line":194,"column":0},"end":{"line":1,"column":-15}},"116":{"start":{"line":195,"column":2},"end":{"line":195,"column":2}},"117":{"start":{"line":194,"column":10},"end":{"line":195,"column":2}},"118":{"start":{"line":195,"column":2},"end":{"line":195,"column":2}},"119":{"start":{"line":196,"column":4},"end":{"line":195,"column":2}},"120":{"start":{"line":197,"column":2},"end":{"line":195,"column":2}},"121":{"start":{"line":198,"column":2},"end":{"line":195,"column":2}},"122":{"start":{"line":199,"column":2},"end":{"line":195,"column":2}},"123":{"start":{"line":200,"column":4},"end":{"line":200,"column":4}},"124":{"start":{"line":200,"column":4},"end":{"line":200,"column":4}},"125":{"start":{"line":200,"column":4},"end":{"line":200,"column":4}},"126":{"start":{"line":201,"column":4},"end":{"line":200,"column":4}},"127":{"start":{"line":202,"column":4},"end":{"line":200,"column":4}},"128":{"start":{"line":0,"column":0},"end":{"line":199,"column":9}},"129":{"start":{"line":205,"column":2},"end":{"line":195,"column":2}},"130":{"start":{"line":0,"column":0},"end":{"line":205,"column":2}},"131":{"start":{"line":205,"column":2},"end":{"line":205,"column":2}},"132":{"start":{"line":206,"column":2},"end":{"line":195,"column":2}},"133":{"start":{"line":207,"column":2},"end":{"line":195,"column":2}},"134":{"start":{"line":0,"column":0},"end":{"line":207,"column":16}},"135":{"start":{"line":208,"column":2},"end":{"line":195,"column":2}},"136":{"start":{"line":0,"column":0},"end":{"line":208,"column":18}},"137":{"start":{"line":0,"column":0},"end":{"line":194,"column":9}},"138":{"start":{"line":213,"column":0},"end":{"line":1,"column":-15}},"139":{"start":{"line":214,"column":0},"end":{"line":1,"column":-15}},"140":{"start":{"line":215,"column":0},"end":{"line":1,"column":-15}},"141":{"start":{"line":216,"column":0},"end":{"line":1,"column":-15}},"142":{"start":{"line":217,"column":0},"end":{"line":1,"column":-15}},"143":{"start":{"line":218,"column":0},"end":{"line":1,"column":-15}}},"branchMap":{"1":{"line":13,"type":"if","locations":[{"start":{"line":13,"column":0},"end":{"line":13,"column":0}},{"start":{"line":13,"column":0},"end":{"line":13,"column":0}}]},"2":{"line":15,"type":"if","locations":[{"start":{"line":15,"column":5},"end":{"line":15,"column":5}},{"start":{"line":15,"column":5},"end":{"line":15,"column":5}}]},"3":{"line":40,"type":"if","locations":[{"start":{"line":40,"column":4},"end":{"line":40,"column":4}},{"start":{"line":40,"column":4},"end":{"line":40,"column":4}}]},"4":{"line":44,"type":"if","locations":[{"start":{"line":44,"column":6},"end":{"line":44,"column":6}},{"start":{"line":44,"column":6},"end":{"line":44,"column":6}}]},"5":{"line":57,"type":"binary-expr","locations":[{"start":{"line":57,"column":11},"end":{"line":57,"column":11}},{"start":{"line":57,"column":18},"end":{"line":57,"column":2}}]},"6":{"line":58,"type":"if","locations":[{"start":{"line":58,"column":2},"end":{"line":58,"column":2}},{"start":{"line":58,"column":2},"end":{"line":58,"column":2}}]},"7":{"line":68,"type":"if","locations":[{"start":{"line":68,"column":4},"end":{"line":68,"column":4}},{"start":{"line":68,"column":4},"end":{"line":68,"column":4}}]},"8":{"line":94,"type":"if","locations":[{"start":{"line":94,"column":2},"end":{"line":94,"column":2}},{"start":{"line":94,"column":2},"end":{"line":94,"column":2}}]},"9":{"line":97,"type":"binary-expr","locations":[{"start":{"line":97,"column":4},"end":{"line":97,"column":4}},{"start":{"line":97,"column":23},"end":{"line":97,"column":23}}]},"10":{"line":100,"type":"if","locations":[{"start":{"line":100,"column":16},"end":{"line":100,"column":16}},{"start":{"line":100,"column":16},"end":{"line":100,"column":16}}]},"11":{"line":105,"type":"if","locations":[{"start":{"line":105,"column":4},"end":{"line":105,"column":4}},{"start":{"line":105,"column":4},"end":{"line":105,"column":4}}]},"12":{"line":106,"type":"if","locations":[{"start":{"line":106,"column":2},"end":{"line":106,"column":2}},{"start":{"line":106,"column":2},"end":{"line":106,"column":2}}]},"13":{"line":107,"type":"if","locations":[{"start":{"line":107,"column":2},"end":{"line":107,"column":2}},{"start":{"line":107,"column":2},"end":{"line":107,"column":2}}]},"14":{"line":127,"type":"if","locations":[{"start":{"line":127,"column":2},"end":{"line":127,"column":2}},{"start":{"line":127,"column":2},"end":{"line":127,"column":2}}]},"15":{"line":141,"type":"if","locations":[{"start":{"line":141,"column":2},"end":{"line":141,"column":2}},{"start":{"line":141,"column":2},"end":{"line":141,"column":2}}]},"16":{"line":162,"type":"cond-expr","locations":[{"start":{"line":162,"column":8},"end":{"line":162,"column":8}},{"start":{"line":162,"column":8},"end":{"line":162,"column":8}}]},"17":{"line":163,"type":"if","locations":[{"start":{"line":163,"column":2},"end":{"line":163,"column":2}},{"start":{"line":163,"column":2},"end":{"line":163,"column":2}}]},"18":{"line":167,"type":"if","locations":[{"start":{"line":167,"column":4},"end":{"line":167,"column":4}},{"start":{"line":167,"column":4},"end":{"line":167,"column":4}}]},"19":{"line":194,"type":"cond-expr","locations":[{"start":{"line":194,"column":10},"end":{"line":194,"column":10}},{"start":{"line":194,"column":10},"end":{"line":194,"column":10}}]},"20":{"line":195,"type":"if","locations":[{"start":{"line":195,"column":2},"end":{"line":195,"column":2}},{"start":{"line":195,"column":2},"end":{"line":195,"column":2}}]},"21":{"line":200,"type":"if","locations":[{"start":{"line":200,"column":4},"end":{"line":200,"column":4}},{"start":{"line":200,"column":4},"end":{"line":200,"column":4}}]}},"l":{"0":57,"1":1,"3":1,"13":1,"14":0,"15":1,"16":1,"18":1,"19":1,"20":1,"30":1,"31":33,"33":33,"35":33,"36":13,"37":7,"39":33,"40":33,"41":16,"42":16,"44":16,"50":33,"51":33,"56":1,"57":6,"58":6,"59":1,"61":5,"63":5,"64":4,"65":4,"67":5,"68":5,"69":2,"75":5,"77":5,"78":1,"81":5,"82":1,"83":1,"86":5,"93":1,"94":57,"100":14,"103":1,"104":16,"105":27,"106":13,"107":12,"110":1,"111":8,"112":12,"126":1,"127":33,"140":1,"141":6,"162":7,"163":7,"164":1,"165":6,"166":6,"167":4,"170":6,"194":5,"195":5,"196":1,"197":4,"198":4,"199":4,"200":6,"201":5,"202":5,"205":6,"206":4,"207":4,"208":4,"213":1,"214":1,"215":1,"216":1,"217":1,"218":1}}}
