TN:
SF:/Users/akshat/node_projects/compute/src/Compute.coffee
FN:1,(anonymous_1)
FN:30,(anonymous_2)
FN:35,(anonymous_3)
FN:39,(anonymous_4)
FN:50,(anonymous_5)
FN:56,(anonymous_6)
FN:63,(anonymous_7)
FN:67,(anonymous_8)
FN:75,(anonymous_9)
FN:77,(anonymous_10)
FN:81,(anonymous_11)
FN:93,(anonymous_12)
FN:100,(anonymous_13)
FN:103,(anonymous_14)
FN:110,(anonymous_15)
FN:126,(anonymous_16)
FN:140,(anonymous_17)
FN:162,(anonymous_18)
FN:166,(anonymous_19)
FN:173,(anonymous_20)
FN:174,(anonymous_21)
FN:194,(anonymous_22)
FN:199,(anonymous_23)
FN:207,(anonymous_24)
FN:208,(anonymous_25)
FNF:25
FNH:25
FNDA:1,(anonymous_1)
FNDA:33,(anonymous_2)
FNDA:13,(anonymous_3)
FNDA:33,(anonymous_4)
FNDA:12,(anonymous_5)
FNDA:6,(anonymous_6)
FNDA:4,(anonymous_7)
FNDA:5,(anonymous_8)
FNDA:2,(anonymous_9)
FNDA:1,(anonymous_10)
FNDA:1,(anonymous_11)
FNDA:57,(anonymous_12)
FNDA:14,(anonymous_13)
FNDA:16,(anonymous_14)
FNDA:8,(anonymous_15)
FNDA:33,(anonymous_16)
FNDA:6,(anonymous_17)
FNDA:7,(anonymous_18)
FNDA:4,(anonymous_19)
FNDA:2,(anonymous_20)
FNDA:1,(anonymous_21)
FNDA:5,(anonymous_22)
FNDA:6,(anonymous_23)
FNDA:2,(anonymous_24)
FNDA:1,(anonymous_25)
DA:0,57
DA:1,1
DA:3,1
DA:13,1
DA:14,0
DA:15,1
DA:16,1
DA:18,1
DA:19,1
DA:20,1
DA:30,1
DA:31,33
DA:33,33
DA:35,33
DA:36,13
DA:37,7
DA:39,33
DA:40,33
DA:41,16
DA:42,16
DA:44,16
DA:50,33
DA:51,33
DA:56,1
DA:57,6
DA:58,6
DA:59,1
DA:61,5
DA:63,5
DA:64,4
DA:65,4
DA:67,5
DA:68,5
DA:69,2
DA:75,5
DA:77,5
DA:78,1
DA:81,5
DA:82,1
DA:83,1
DA:86,5
DA:93,1
DA:94,57
DA:100,14
DA:103,1
DA:104,16
DA:105,27
DA:106,13
DA:107,12
DA:110,1
DA:111,8
DA:112,12
DA:126,1
DA:127,33
DA:140,1
DA:141,6
DA:162,7
DA:163,7
DA:164,1
DA:165,6
DA:166,6
DA:167,4
DA:170,6
DA:194,5
DA:195,5
DA:196,1
DA:197,4
DA:198,4
DA:199,4
DA:200,6
DA:201,5
DA:202,5
DA:205,6
DA:206,4
DA:207,4
DA:208,4
DA:213,1
DA:214,1
DA:215,1
DA:216,1
DA:217,1
DA:218,1
LF:82
LH:81
BRDA:13,1,0,0
BRDA:13,1,1,1
BRDA:15,2,0,1
BRDA:15,2,1,0
BRDA:40,3,0,16
BRDA:40,3,1,17
BRDA:44,4,0,13
BRDA:44,4,1,3
BRDA:57,5,0,6
BRDA:57,5,1,2
BRDA:58,6,0,1
BRDA:58,6,1,5
BRDA:68,7,0,2
BRDA:68,7,1,3
BRDA:94,8,0,0
BRDA:94,8,1,57
BRDA:97,9,0,57
BRDA:97,9,1,18
BRDA:100,10,0,13
BRDA:100,10,1,1
BRDA:105,11,0,3
BRDA:105,11,1,24
BRDA:106,12,0,1
BRDA:106,12,1,12
BRDA:107,13,0,1
BRDA:107,13,1,11
BRDA:127,14,0,0
BRDA:127,14,1,33
BRDA:141,15,0,0
BRDA:141,15,1,6
BRDA:162,16,0,7
BRDA:162,16,1,0
BRDA:163,17,0,1
BRDA:163,17,1,6
BRDA:167,18,0,1
BRDA:167,18,1,3
BRDA:194,19,0,5
BRDA:194,19,1,0
BRDA:195,20,0,1
BRDA:195,20,1,4
BRDA:200,21,0,1
BRDA:200,21,1,5
BRF:42
BRH:35
end_of_record
